<?xml version="1.0" encoding="UTF-8"?>
<testsuites>
  <testsuite name="api_gluestick" timestamp="2025-04-27T19:24:34Z" hostname="6f9dbd3c34ee" tests="1" skipped="0" failures="0" errors="0" time="0.013">
    <testcase time="0.013" classname="api_gluestick" name="gluestick_works"/>
  </testsuite>
  <testsuite name="functions" timestamp="2025-04-27T19:24:34Z" hostname="6f9dbd3c34ee" tests="3" skipped="0" failures="0" errors="0" time="0.111">
    <testcase time="0.09" classname="functions" name="extract_id_works_with_url"/>
    <testcase time="0.014" classname="functions" name="extract_id_works_with_empty_string"/>
    <testcase time="0.00699999999999995" classname="functions" name="extract_id_works_with_non_matching_string"/>
  </testsuite>
</testsuites>
