<?xml version="1.0" encoding="UTF-8"?>
<!DOCTYPE coverage SYSTEM "https://raw.githubusercontent.com/cobertura/cobertura/master/cobertura/src/site/htdocs/xml/coverage-04.dtd">
<coverage line-rate="0.0111457868925546" branch-rate="0" lines-covered="25" lines-valid="2243" branches-covered="0" branches-valid="0" complexity="0" version="3.6.4" timestamp="2025-03-15 21:30:36.98849">
  <sources>
    <source>/__w/ladder/ladder/ladder</source>
  </sources>
  <packages>
    <package name="ladder" line-rate="0.0111457868925546" branch-rate="0" complexity="0">
      <classes>
        <class name="api_choose.R" filename="R/api_choose.R" line-rate="0" branch-rate="0" complexity="0">
          <methods>
            <method name="choose_slides" signature="" line-rate="0" branch-rate="0" complexity="0">
              <lines>
                <line number="15" hits="0" branch="false"/>
                <line number="16" hits="0" branch="false"/>
                <line number="18" hits="0" branch="false"/>
                <line number="19" hits="0" branch="false"/>
                <line number="20" hits="0" branch="false"/>
                <line number="21" hits="0" branch="false"/>
                <line number="22" hits="0" branch="false"/>
                <line number="23" hits="0" branch="false"/>
                <line number="24" hits="0" branch="false"/>
                <line number="25" hits="0" branch="false"/>
                <line number="26" hits="0" branch="false"/>
                <line number="27" hits="0" branch="false"/>
                <line number="28" hits="0" branch="false"/>
                <line number="29" hits="0" branch="false"/>
                <line number="30" hits="0" branch="false"/>
                <line number="31" hits="0" branch="false"/>
                <line number="33" hits="0" branch="false"/>
                <line number="34" hits="0" branch="false"/>
                <line number="35" hits="0" branch="false"/>
                <line number="36" hits="0" branch="false"/>
                <line number="37" hits="0" branch="false"/>
                <line number="38" hits="0" branch="false"/>
                <line number="39" hits="0" branch="false"/>
                <line number="40" hits="0" branch="false"/>
                <line number="42" hits="0" branch="false"/>
                <line number="43" hits="0" branch="false"/>
                <line number="46" hits="0" branch="false"/>
                <line number="47" hits="0" branch="false"/>
              </lines>
            </method>
            <method name="picker_page" signature="" line-rate="0" branch-rate="0" complexity="0">
              <lines>
                <line number="53" hits="0" branch="false"/>
                <line number="55" hits="0" branch="false"/>
                <line number="56" hits="0" branch="false"/>
                <line number="58" hits="0" branch="false"/>
                <line number="59" hits="0" branch="false"/>
                <line number="60" hits="0" branch="false"/>
                <line number="62" hits="0" branch="false"/>
                <line number="63" hits="0" branch="false"/>
                <line number="64" hits="0" branch="false"/>
                <line number="65" hits="0" branch="false"/>
                <line number="66" hits="0" branch="false"/>
                <line number="67" hits="0" branch="false"/>
                <line number="68" hits="0" branch="false"/>
                <line number="69" hits="0" branch="false"/>
                <line number="70" hits="0" branch="false"/>
                <line number="71" hits="0" branch="false"/>
                <line number="73" hits="0" branch="false"/>
                <line number="74" hits="0" branch="false"/>
                <line number="76" hits="0" branch="false"/>
                <line number="78" hits="0" branch="false"/>
                <line number="79" hits="0" branch="false"/>
                <line number="80" hits="0" branch="false"/>
                <line number="81" hits="0" branch="false"/>
                <line number="82" hits="0" branch="false"/>
                <line number="84" hits="0" branch="false"/>
                <line number="85" hits="0" branch="false"/>
                <line number="86" hits="0" branch="false"/>
                <line number="88" hits="0" branch="false"/>
                <line number="90" hits="0" branch="false"/>
                <line number="91" hits="0" branch="false"/>
                <line number="92" hits="0" branch="false"/>
                <line number="94" hits="0" branch="false"/>
                <line number="95" hits="0" branch="false"/>
                <line number="97" hits="0" branch="false"/>
                <line number="98" hits="0" branch="false"/>
                <line number="99" hits="0" branch="false"/>
                <line number="102" hits="0" branch="false"/>
                <line number="104" hits="0" branch="false"/>
                <line number="105" hits="0" branch="false"/>
                <line number="106" hits="0" branch="false"/>
                <line number="107" hits="0" branch="false"/>
                <line number="108" hits="0" branch="false"/>
                <line number="109" hits="0" branch="false"/>
                <line number="111" hits="0" branch="false"/>
                <line number="112" hits="0" branch="false"/>
                <line number="113" hits="0" branch="false"/>
                <line number="114" hits="0" branch="false"/>
                <line number="115" hits="0" branch="false"/>
                <line number="116" hits="0" branch="false"/>
                <line number="117" hits="0" branch="false"/>
                <line number="118" hits="0" branch="false"/>
                <line number="119" hits="0" branch="false"/>
                <line number="123" hits="0" branch="false"/>
                <line number="124" hits="0" branch="false"/>
                <line number="125" hits="0" branch="false"/>
                <line number="126" hits="0" branch="false"/>
                <line number="127" hits="0" branch="false"/>
                <line number="128" hits="0" branch="false"/>
                <line number="129" hits="0" branch="false"/>
                <line number="130" hits="0" branch="false"/>
                <line number="132" hits="0" branch="false"/>
                <line number="133" hits="0" branch="false"/>
                <line number="134" hits="0" branch="false"/>
                <line number="135" hits="0" branch="false"/>
                <line number="136" hits="0" branch="false"/>
                <line number="137" hits="0" branch="false"/>
                <line number="138" hits="0" branch="false"/>
                <line number="141" hits="0" branch="false"/>
                <line number="142" hits="0" branch="false"/>
                <line number="143" hits="0" branch="false"/>
                <line number="144" hits="0" branch="false"/>
                <line number="145" hits="0" branch="false"/>
                <line number="146" hits="0" branch="false"/>
                <line number="147" hits="0" branch="false"/>
                <line number="148" hits="0" branch="false"/>
                <line number="149" hits="0" branch="false"/>
                <line number="150" hits="0" branch="false"/>
                <line number="151" hits="0" branch="false"/>
                <line number="152" hits="0" branch="false"/>
                <line number="153" hits="0" branch="false"/>
                <line number="154" hits="0" branch="false"/>
                <line number="155" hits="0" branch="false"/>
                <line number="156" hits="0" branch="false"/>
                <line number="158" hits="0" branch="false"/>
                <line number="159" hits="0" branch="false"/>
                <line number="160" hits="0" branch="false"/>
                <line number="161" hits="0" branch="false"/>
                <line number="162" hits="0" branch="false"/>
                <line number="163" hits="0" branch="false"/>
                <line number="167" hits="0" branch="false"/>
                <line number="168" hits="0" branch="false"/>
                <line number="169" hits="0" branch="false"/>
                <line number="170" hits="0" branch="false"/>
                <line number="173" hits="0" branch="false"/>
                <line number="174" hits="0" branch="false"/>
                <line number="176" hits="0" branch="false"/>
                <line number="178" hits="0" branch="false"/>
                <line number="179" hits="0" branch="false"/>
                <line number="180" hits="0" branch="false"/>
                <line number="181" hits="0" branch="false"/>
                <line number="182" hits="0" branch="false"/>
                <line number="183" hits="0" branch="false"/>
                <line number="184" hits="0" branch="false"/>
                <line number="185" hits="0" branch="false"/>
                <line number="186" hits="0" branch="false"/>
                <line number="187" hits="0" branch="false"/>
                <line number="189" hits="0" branch="false"/>
                <line number="190" hits="0" branch="false"/>
                <line number="193" hits="0" branch="false"/>
                <line number="194" hits="0" branch="false"/>
                <line number="195" hits="0" branch="false"/>
                <line number="196" hits="0" branch="false"/>
                <line number="197" hits="0" branch="false"/>
                <line number="198" hits="0" branch="false"/>
                <line number="199" hits="0" branch="false"/>
              </lines>
            </method>
          </methods>
          <lines>
            <line number="15" hits="0" branch="false"/>
            <line number="16" hits="0" branch="false"/>
            <line number="18" hits="0" branch="false"/>
            <line number="19" hits="0" branch="false"/>
            <line number="20" hits="0" branch="false"/>
            <line number="21" hits="0" branch="false"/>
            <line number="22" hits="0" branch="false"/>
            <line number="23" hits="0" branch="false"/>
            <line number="24" hits="0" branch="false"/>
            <line number="25" hits="0" branch="false"/>
            <line number="26" hits="0" branch="false"/>
            <line number="27" hits="0" branch="false"/>
            <line number="28" hits="0" branch="false"/>
            <line number="29" hits="0" branch="false"/>
            <line number="30" hits="0" branch="false"/>
            <line number="31" hits="0" branch="false"/>
            <line number="33" hits="0" branch="false"/>
            <line number="34" hits="0" branch="false"/>
            <line number="35" hits="0" branch="false"/>
            <line number="36" hits="0" branch="false"/>
            <line number="37" hits="0" branch="false"/>
            <line number="38" hits="0" branch="false"/>
            <line number="39" hits="0" branch="false"/>
            <line number="40" hits="0" branch="false"/>
            <line number="42" hits="0" branch="false"/>
            <line number="43" hits="0" branch="false"/>
            <line number="46" hits="0" branch="false"/>
            <line number="47" hits="0" branch="false"/>
            <line number="53" hits="0" branch="false"/>
            <line number="55" hits="0" branch="false"/>
            <line number="56" hits="0" branch="false"/>
            <line number="58" hits="0" branch="false"/>
            <line number="59" hits="0" branch="false"/>
            <line number="60" hits="0" branch="false"/>
            <line number="62" hits="0" branch="false"/>
            <line number="63" hits="0" branch="false"/>
            <line number="64" hits="0" branch="false"/>
            <line number="65" hits="0" branch="false"/>
            <line number="66" hits="0" branch="false"/>
            <line number="67" hits="0" branch="false"/>
            <line number="68" hits="0" branch="false"/>
            <line number="69" hits="0" branch="false"/>
            <line number="70" hits="0" branch="false"/>
            <line number="71" hits="0" branch="false"/>
            <line number="73" hits="0" branch="false"/>
            <line number="74" hits="0" branch="false"/>
            <line number="76" hits="0" branch="false"/>
            <line number="78" hits="0" branch="false"/>
            <line number="79" hits="0" branch="false"/>
            <line number="80" hits="0" branch="false"/>
            <line number="81" hits="0" branch="false"/>
            <line number="82" hits="0" branch="false"/>
            <line number="84" hits="0" branch="false"/>
            <line number="85" hits="0" branch="false"/>
            <line number="86" hits="0" branch="false"/>
            <line number="88" hits="0" branch="false"/>
            <line number="90" hits="0" branch="false"/>
            <line number="91" hits="0" branch="false"/>
            <line number="92" hits="0" branch="false"/>
            <line number="94" hits="0" branch="false"/>
            <line number="95" hits="0" branch="false"/>
            <line number="97" hits="0" branch="false"/>
            <line number="98" hits="0" branch="false"/>
            <line number="99" hits="0" branch="false"/>
            <line number="102" hits="0" branch="false"/>
            <line number="104" hits="0" branch="false"/>
            <line number="105" hits="0" branch="false"/>
            <line number="106" hits="0" branch="false"/>
            <line number="107" hits="0" branch="false"/>
            <line number="108" hits="0" branch="false"/>
            <line number="109" hits="0" branch="false"/>
            <line number="111" hits="0" branch="false"/>
            <line number="112" hits="0" branch="false"/>
            <line number="113" hits="0" branch="false"/>
            <line number="114" hits="0" branch="false"/>
            <line number="115" hits="0" branch="false"/>
            <line number="116" hits="0" branch="false"/>
            <line number="117" hits="0" branch="false"/>
            <line number="118" hits="0" branch="false"/>
            <line number="119" hits="0" branch="false"/>
            <line number="123" hits="0" branch="false"/>
            <line number="124" hits="0" branch="false"/>
            <line number="125" hits="0" branch="false"/>
            <line number="126" hits="0" branch="false"/>
            <line number="127" hits="0" branch="false"/>
            <line number="128" hits="0" branch="false"/>
            <line number="129" hits="0" branch="false"/>
            <line number="130" hits="0" branch="false"/>
            <line number="132" hits="0" branch="false"/>
            <line number="133" hits="0" branch="false"/>
            <line number="134" hits="0" branch="false"/>
            <line number="135" hits="0" branch="false"/>
            <line number="136" hits="0" branch="false"/>
            <line number="137" hits="0" branch="false"/>
            <line number="138" hits="0" branch="false"/>
            <line number="141" hits="0" branch="false"/>
            <line number="142" hits="0" branch="false"/>
            <line number="143" hits="0" branch="false"/>
            <line number="144" hits="0" branch="false"/>
            <line number="145" hits="0" branch="false"/>
            <line number="146" hits="0" branch="false"/>
            <line number="147" hits="0" branch="false"/>
            <line number="148" hits="0" branch="false"/>
            <line number="149" hits="0" branch="false"/>
            <line number="150" hits="0" branch="false"/>
            <line number="151" hits="0" branch="false"/>
            <line number="152" hits="0" branch="false"/>
            <line number="153" hits="0" branch="false"/>
            <line number="154" hits="0" branch="false"/>
            <line number="155" hits="0" branch="false"/>
            <line number="156" hits="0" branch="false"/>
            <line number="158" hits="0" branch="false"/>
            <line number="159" hits="0" branch="false"/>
            <line number="160" hits="0" branch="false"/>
            <line number="161" hits="0" branch="false"/>
            <line number="162" hits="0" branch="false"/>
            <line number="163" hits="0" branch="false"/>
            <line number="167" hits="0" branch="false"/>
            <line number="168" hits="0" branch="false"/>
            <line number="169" hits="0" branch="false"/>
            <line number="170" hits="0" branch="false"/>
            <line number="173" hits="0" branch="false"/>
            <line number="174" hits="0" branch="false"/>
            <line number="176" hits="0" branch="false"/>
            <line number="178" hits="0" branch="false"/>
            <line number="179" hits="0" branch="false"/>
            <line number="180" hits="0" branch="false"/>
            <line number="181" hits="0" branch="false"/>
            <line number="182" hits="0" branch="false"/>
            <line number="183" hits="0" branch="false"/>
            <line number="184" hits="0" branch="false"/>
            <line number="185" hits="0" branch="false"/>
            <line number="186" hits="0" branch="false"/>
            <line number="187" hits="0" branch="false"/>
            <line number="189" hits="0" branch="false"/>
            <line number="190" hits="0" branch="false"/>
            <line number="193" hits="0" branch="false"/>
            <line number="194" hits="0" branch="false"/>
            <line number="195" hits="0" branch="false"/>
            <line number="196" hits="0" branch="false"/>
            <line number="197" hits="0" branch="false"/>
            <line number="198" hits="0" branch="false"/>
            <line number="199" hits="0" branch="false"/>
          </lines>
        </class>
        <class name="api_functions.R" filename="R/api_functions.R" line-rate="0" branch-rate="0" complexity="0">
          <methods>
            <method name="presentations.get" signature="" line-rate="0" branch-rate="0" complexity="0">
              <lines>
                <line number="9" hits="0" branch="false"/>
                <line number="10" hits="0" branch="false"/>
                <line number="12" hits="0" branch="false"/>
                <line number="13" hits="0" branch="false"/>
                <line number="14" hits="0" branch="false"/>
                <line number="15" hits="0" branch="false"/>
                <line number="16" hits="0" branch="false"/>
                <line number="17" hits="0" branch="false"/>
                <line number="18" hits="0" branch="false"/>
                <line number="19" hits="0" branch="false"/>
                <line number="20" hits="0" branch="false"/>
              </lines>
            </method>
            <method name="presentations.batchUpdate" signature="" line-rate="0" branch-rate="0" complexity="0">
              <lines>
                <line number="46" hits="0" branch="false"/>
                <line number="47" hits="0" branch="false"/>
                <line number="48" hits="0" branch="false"/>
                <line number="49" hits="0" branch="false"/>
                <line number="50" hits="0" branch="false"/>
                <line number="51" hits="0" branch="false"/>
                <line number="52" hits="0" branch="false"/>
                <line number="53" hits="0" branch="false"/>
                <line number="54" hits="0" branch="false"/>
                <line number="55" hits="0" branch="false"/>
              </lines>
            </method>
            <method name="presentations.create" signature="" line-rate="0" branch-rate="0" complexity="0">
              <lines>
                <line number="71" hits="0" branch="false"/>
                <line number="72" hits="0" branch="false"/>
                <line number="73" hits="0" branch="false"/>
                <line number="74" hits="0" branch="false"/>
                <line number="75" hits="0" branch="false"/>
                <line number="76" hits="0" branch="false"/>
                <line number="77" hits="0" branch="false"/>
                <line number="78" hits="0" branch="false"/>
                <line number="79" hits="0" branch="false"/>
              </lines>
            </method>
            <method name="presentations.pages.get" signature="" line-rate="0" branch-rate="0" complexity="0">
              <lines>
                <line number="96" hits="0" branch="false"/>
                <line number="97" hits="0" branch="false"/>
                <line number="98" hits="0" branch="false"/>
                <line number="99" hits="0" branch="false"/>
                <line number="100" hits="0" branch="false"/>
                <line number="101" hits="0" branch="false"/>
                <line number="102" hits="0" branch="false"/>
                <line number="103" hits="0" branch="false"/>
                <line number="104" hits="0" branch="false"/>
              </lines>
            </method>
            <method name="presentations.pages.getThumbnail" signature="" line-rate="0" branch-rate="0" complexity="0">
              <lines>
                <line number="127" hits="0" branch="false"/>
                <line number="128" hits="0" branch="false"/>
                <line number="129" hits="0" branch="false"/>
                <line number="130" hits="0" branch="false"/>
                <line number="132" hits="0" branch="false"/>
                <line number="133" hits="0" branch="false"/>
                <line number="134" hits="0" branch="false"/>
                <line number="135" hits="0" branch="false"/>
                <line number="136" hits="0" branch="false"/>
                <line number="137" hits="0" branch="false"/>
                <line number="138" hits="0" branch="false"/>
                <line number="139" hits="0" branch="false"/>
                <line number="140" hits="0" branch="false"/>
                <line number="141" hits="0" branch="false"/>
                <line number="142" hits="0" branch="false"/>
                <line number="143" hits="0" branch="false"/>
              </lines>
            </method>
          </methods>
          <lines>
            <line number="9" hits="0" branch="false"/>
            <line number="10" hits="0" branch="false"/>
            <line number="12" hits="0" branch="false"/>
            <line number="13" hits="0" branch="false"/>
            <line number="14" hits="0" branch="false"/>
            <line number="15" hits="0" branch="false"/>
            <line number="16" hits="0" branch="false"/>
            <line number="17" hits="0" branch="false"/>
            <line number="18" hits="0" branch="false"/>
            <line number="19" hits="0" branch="false"/>
            <line number="20" hits="0" branch="false"/>
            <line number="46" hits="0" branch="false"/>
            <line number="47" hits="0" branch="false"/>
            <line number="48" hits="0" branch="false"/>
            <line number="49" hits="0" branch="false"/>
            <line number="50" hits="0" branch="false"/>
            <line number="51" hits="0" branch="false"/>
            <line number="52" hits="0" branch="false"/>
            <line number="53" hits="0" branch="false"/>
            <line number="54" hits="0" branch="false"/>
            <line number="55" hits="0" branch="false"/>
            <line number="71" hits="0" branch="false"/>
            <line number="72" hits="0" branch="false"/>
            <line number="73" hits="0" branch="false"/>
            <line number="74" hits="0" branch="false"/>
            <line number="75" hits="0" branch="false"/>
            <line number="76" hits="0" branch="false"/>
            <line number="77" hits="0" branch="false"/>
            <line number="78" hits="0" branch="false"/>
            <line number="79" hits="0" branch="false"/>
            <line number="96" hits="0" branch="false"/>
            <line number="97" hits="0" branch="false"/>
            <line number="98" hits="0" branch="false"/>
            <line number="99" hits="0" branch="false"/>
            <line number="100" hits="0" branch="false"/>
            <line number="101" hits="0" branch="false"/>
            <line number="102" hits="0" branch="false"/>
            <line number="103" hits="0" branch="false"/>
            <line number="104" hits="0" branch="false"/>
            <line number="127" hits="0" branch="false"/>
            <line number="128" hits="0" branch="false"/>
            <line number="129" hits="0" branch="false"/>
            <line number="130" hits="0" branch="false"/>
            <line number="132" hits="0" branch="false"/>
            <line number="133" hits="0" branch="false"/>
            <line number="134" hits="0" branch="false"/>
            <line number="135" hits="0" branch="false"/>
            <line number="136" hits="0" branch="false"/>
            <line number="137" hits="0" branch="false"/>
            <line number="138" hits="0" branch="false"/>
            <line number="139" hits="0" branch="false"/>
            <line number="140" hits="0" branch="false"/>
            <line number="141" hits="0" branch="false"/>
            <line number="142" hits="0" branch="false"/>
            <line number="143" hits="0" branch="false"/>
          </lines>
        </class>
        <class name="api_gluestick.R" filename="R/api_gluestick.R" line-rate="0.961538461538462" branch-rate="0" complexity="0">
          <methods>
            <method name="gluestick" signature="" line-rate="0.961538461538462" branch-rate="0" complexity="0">
              <lines>
                <line number="33" hits="1" branch="false"/>
                <line number="34" hits="1" branch="false"/>
                <line number="39" hits="1" branch="false"/>
                <line number="40" hits="1" branch="false"/>
                <line number="41" hits="1" branch="false"/>
                <line number="42" hits="1" branch="false"/>
                <line number="43" hits="1" branch="false"/>
                <line number="44" hits="1" branch="false"/>
                <line number="45" hits="1" branch="false"/>
                <line number="46" hits="1" branch="false"/>
                <line number="47" hits="1" branch="false"/>
                <line number="48" hits="1" branch="false"/>
                <line number="54" hits="1" branch="false"/>
                <line number="55" hits="1" branch="false"/>
                <line number="56" hits="1" branch="false"/>
                <line number="61" hits="1" branch="false"/>
                <line number="62" hits="1" branch="false"/>
                <line number="67" hits="1" branch="false"/>
                <line number="77" hits="1" branch="false"/>
                <line number="78" hits="1" branch="false"/>
                <line number="83" hits="1" branch="false"/>
                <line number="84" hits="1" branch="false"/>
                <line number="85" hits="1" branch="false"/>
                <line number="86" hits="1" branch="false"/>
                <line number="88" hits="0" branch="false"/>
                <line number="94" hits="1" branch="false"/>
              </lines>
            </method>
          </methods>
          <lines>
            <line number="33" hits="1" branch="false"/>
            <line number="34" hits="1" branch="false"/>
            <line number="39" hits="1" branch="false"/>
            <line number="40" hits="1" branch="false"/>
            <line number="41" hits="1" branch="false"/>
            <line number="42" hits="1" branch="false"/>
            <line number="43" hits="1" branch="false"/>
            <line number="44" hits="1" branch="false"/>
            <line number="45" hits="1" branch="false"/>
            <line number="46" hits="1" branch="false"/>
            <line number="47" hits="1" branch="false"/>
            <line number="48" hits="1" branch="false"/>
            <line number="54" hits="1" branch="false"/>
            <line number="55" hits="1" branch="false"/>
            <line number="56" hits="1" branch="false"/>
            <line number="61" hits="1" branch="false"/>
            <line number="62" hits="1" branch="false"/>
            <line number="67" hits="1" branch="false"/>
            <line number="77" hits="1" branch="false"/>
            <line number="78" hits="1" branch="false"/>
            <line number="83" hits="1" branch="false"/>
            <line number="84" hits="1" branch="false"/>
            <line number="85" hits="1" branch="false"/>
            <line number="86" hits="1" branch="false"/>
            <line number="88" hits="0" branch="false"/>
            <line number="94" hits="1" branch="false"/>
          </lines>
        </class>
        <class name="api_object_request.R" filename="R/api_object_request.R" line-rate="0" branch-rate="0" complexity="0">
          <methods>
            <method name="Request" signature="" line-rate="0" branch-rate="0" complexity="0">
              <lines>
                <line number="102" hits="0" branch="false"/>
                <line number="103" hits="0" branch="false"/>
                <line number="104" hits="0" branch="false"/>
                <line number="105" hits="0" branch="false"/>
                <line number="106" hits="0" branch="false"/>
                <line number="107" hits="0" branch="false"/>
                <line number="108" hits="0" branch="false"/>
                <line number="109" hits="0" branch="false"/>
                <line number="110" hits="0" branch="false"/>
                <line number="111" hits="0" branch="false"/>
                <line number="112" hits="0" branch="false"/>
                <line number="113" hits="0" branch="false"/>
                <line number="114" hits="0" branch="false"/>
                <line number="115" hits="0" branch="false"/>
                <line number="116" hits="0" branch="false"/>
                <line number="117" hits="0" branch="false"/>
                <line number="118" hits="0" branch="false"/>
                <line number="119" hits="0" branch="false"/>
                <line number="120" hits="0" branch="false"/>
                <line number="121" hits="0" branch="false"/>
                <line number="122" hits="0" branch="false"/>
                <line number="123" hits="0" branch="false"/>
                <line number="124" hits="0" branch="false"/>
                <line number="125" hits="0" branch="false"/>
                <line number="126" hits="0" branch="false"/>
                <line number="127" hits="0" branch="false"/>
                <line number="128" hits="0" branch="false"/>
                <line number="129" hits="0" branch="false"/>
                <line number="130" hits="0" branch="false"/>
                <line number="131" hits="0" branch="false"/>
                <line number="132" hits="0" branch="false"/>
                <line number="133" hits="0" branch="false"/>
                <line number="134" hits="0" branch="false"/>
                <line number="135" hits="0" branch="false"/>
                <line number="136" hits="0" branch="false"/>
                <line number="137" hits="0" branch="false"/>
                <line number="138" hits="0" branch="false"/>
                <line number="139" hits="0" branch="false"/>
                <line number="140" hits="0" branch="false"/>
                <line number="141" hits="0" branch="false"/>
                <line number="142" hits="0" branch="false"/>
                <line number="143" hits="0" branch="false"/>
                <line number="144" hits="0" branch="false"/>
                <line number="145" hits="0" branch="false"/>
                <line number="146" hits="0" branch="false"/>
                <line number="147" hits="0" branch="false"/>
                <line number="148" hits="0" branch="false"/>
                <line number="149" hits="0" branch="false"/>
                <line number="151" hits="0" branch="false"/>
                <line number="152" hits="0" branch="false"/>
                <line number="153" hits="0" branch="false"/>
                <line number="154" hits="0" branch="false"/>
                <line number="155" hits="0" branch="false"/>
              </lines>
            </method>
          </methods>
          <lines>
            <line number="102" hits="0" branch="false"/>
            <line number="103" hits="0" branch="false"/>
            <line number="104" hits="0" branch="false"/>
            <line number="105" hits="0" branch="false"/>
            <line number="106" hits="0" branch="false"/>
            <line number="107" hits="0" branch="false"/>
            <line number="108" hits="0" branch="false"/>
            <line number="109" hits="0" branch="false"/>
            <line number="110" hits="0" branch="false"/>
            <line number="111" hits="0" branch="false"/>
            <line number="112" hits="0" branch="false"/>
            <line number="113" hits="0" branch="false"/>
            <line number="114" hits="0" branch="false"/>
            <line number="115" hits="0" branch="false"/>
            <line number="116" hits="0" branch="false"/>
            <line number="117" hits="0" branch="false"/>
            <line number="118" hits="0" branch="false"/>
            <line number="119" hits="0" branch="false"/>
            <line number="120" hits="0" branch="false"/>
            <line number="121" hits="0" branch="false"/>
            <line number="122" hits="0" branch="false"/>
            <line number="123" hits="0" branch="false"/>
            <line number="124" hits="0" branch="false"/>
            <line number="125" hits="0" branch="false"/>
            <line number="126" hits="0" branch="false"/>
            <line number="127" hits="0" branch="false"/>
            <line number="128" hits="0" branch="false"/>
            <line number="129" hits="0" branch="false"/>
            <line number="130" hits="0" branch="false"/>
            <line number="131" hits="0" branch="false"/>
            <line number="132" hits="0" branch="false"/>
            <line number="133" hits="0" branch="false"/>
            <line number="134" hits="0" branch="false"/>
            <line number="135" hits="0" branch="false"/>
            <line number="136" hits="0" branch="false"/>
            <line number="137" hits="0" branch="false"/>
            <line number="138" hits="0" branch="false"/>
            <line number="139" hits="0" branch="false"/>
            <line number="140" hits="0" branch="false"/>
            <line number="141" hits="0" branch="false"/>
            <line number="142" hits="0" branch="false"/>
            <line number="143" hits="0" branch="false"/>
            <line number="144" hits="0" branch="false"/>
            <line number="145" hits="0" branch="false"/>
            <line number="146" hits="0" branch="false"/>
            <line number="147" hits="0" branch="false"/>
            <line number="148" hits="0" branch="false"/>
            <line number="149" hits="0" branch="false"/>
            <line number="151" hits="0" branch="false"/>
            <line number="152" hits="0" branch="false"/>
            <line number="153" hits="0" branch="false"/>
            <line number="154" hits="0" branch="false"/>
            <line number="155" hits="0" branch="false"/>
          </lines>
        </class>
        <class name="api_objects.R" filename="R/api_objects.R" line-rate="0" branch-rate="0" complexity="0">
          <methods>
            <method name="Presentation" signature="" line-rate="0" branch-rate="0" complexity="0">
              <lines>
                <line number="48" hits="0" branch="false"/>
                <line number="49" hits="0" branch="false"/>
                <line number="50" hits="0" branch="false"/>
                <line number="51" hits="0" branch="false"/>
                <line number="52" hits="0" branch="false"/>
                <line number="53" hits="0" branch="false"/>
                <line number="54" hits="0" branch="false"/>
                <line number="55" hits="0" branch="false"/>
                <line number="56" hits="0" branch="false"/>
                <line number="57" hits="0" branch="false"/>
                <line number="58" hits="0" branch="false"/>
                <line number="59" hits="0" branch="false"/>
                <line number="60" hits="0" branch="false"/>
                <line number="61" hits="0" branch="false"/>
              </lines>
            </method>
            <method name="Size" signature="" line-rate="0" branch-rate="0" complexity="0">
              <lines>
                <line number="80" hits="0" branch="false"/>
                <line number="81" hits="0" branch="false"/>
                <line number="82" hits="0" branch="false"/>
                <line number="83" hits="0" branch="false"/>
                <line number="84" hits="0" branch="false"/>
                <line number="85" hits="0" branch="false"/>
                <line number="86" hits="0" branch="false"/>
              </lines>
            </method>
            <method name="Dimension" signature="" line-rate="0" branch-rate="0" complexity="0">
              <lines>
                <line number="105" hits="0" branch="false"/>
                <line number="106" hits="0" branch="false"/>
                <line number="107" hits="0" branch="false"/>
                <line number="108" hits="0" branch="false"/>
                <line number="109" hits="0" branch="false"/>
                <line number="110" hits="0" branch="false"/>
                <line number="111" hits="0" branch="false"/>
                <line number="112" hits="0" branch="false"/>
              </lines>
            </method>
            <method name="Page" signature="" line-rate="0" branch-rate="0" complexity="0">
              <lines>
                <line number="160" hits="0" branch="false"/>
                <line number="161" hits="0" branch="false"/>
                <line number="162" hits="0" branch="false"/>
                <line number="163" hits="0" branch="false"/>
                <line number="164" hits="0" branch="false"/>
                <line number="165" hits="0" branch="false"/>
                <line number="166" hits="0" branch="false"/>
                <line number="167" hits="0" branch="false"/>
                <line number="168" hits="0" branch="false"/>
                <line number="169" hits="0" branch="false"/>
                <line number="170" hits="0" branch="false"/>
                <line number="171" hits="0" branch="false"/>
                <line number="172" hits="0" branch="false"/>
                <line number="173" hits="0" branch="false"/>
                <line number="174" hits="0" branch="false"/>
              </lines>
            </method>
            <method name="PageElement" signature="" line-rate="0" branch-rate="0" complexity="0">
              <lines>
                <line number="229" hits="0" branch="false"/>
                <line number="230" hits="0" branch="false"/>
                <line number="231" hits="0" branch="false"/>
                <line number="232" hits="0" branch="false"/>
                <line number="233" hits="0" branch="false"/>
                <line number="234" hits="0" branch="false"/>
                <line number="235" hits="0" branch="false"/>
                <line number="236" hits="0" branch="false"/>
                <line number="237" hits="0" branch="false"/>
                <line number="238" hits="0" branch="false"/>
                <line number="239" hits="0" branch="false"/>
                <line number="240" hits="0" branch="false"/>
                <line number="241" hits="0" branch="false"/>
                <line number="242" hits="0" branch="false"/>
                <line number="243" hits="0" branch="false"/>
                <line number="244" hits="0" branch="false"/>
                <line number="245" hits="0" branch="false"/>
                <line number="246" hits="0" branch="false"/>
                <line number="247" hits="0" branch="false"/>
              </lines>
            </method>
            <method name="AffineTransform" signature="" line-rate="0" branch-rate="0" complexity="0">
              <lines>
                <line number="284" hits="0" branch="false"/>
                <line number="285" hits="0" branch="false"/>
                <line number="286" hits="0" branch="false"/>
                <line number="287" hits="0" branch="false"/>
                <line number="288" hits="0" branch="false"/>
                <line number="289" hits="0" branch="false"/>
                <line number="290" hits="0" branch="false"/>
                <line number="291" hits="0" branch="false"/>
                <line number="292" hits="0" branch="false"/>
                <line number="293" hits="0" branch="false"/>
                <line number="294" hits="0" branch="false"/>
                <line number="295" hits="0" branch="false"/>
                <line number="296" hits="0" branch="false"/>
              </lines>
            </method>
            <method name="Group" signature="" line-rate="0" branch-rate="0" complexity="0">
              <lines>
                <line number="311" hits="0" branch="false"/>
                <line number="312" hits="0" branch="false"/>
                <line number="313" hits="0" branch="false"/>
                <line number="314" hits="0" branch="false"/>
                <line number="315" hits="0" branch="false"/>
                <line number="316" hits="0" branch="false"/>
              </lines>
            </method>
            <method name="Shape" signature="" line-rate="0" branch-rate="0" complexity="0">
              <lines>
                <line number="484" hits="0" branch="false"/>
                <line number="485" hits="0" branch="false"/>
                <line number="486" hits="0" branch="false"/>
                <line number="487" hits="0" branch="false"/>
                <line number="488" hits="0" branch="false"/>
                <line number="489" hits="0" branch="false"/>
                <line number="490" hits="0" branch="false"/>
                <line number="491" hits="0" branch="false"/>
                <line number="492" hits="0" branch="false"/>
                <line number="493" hits="0" branch="false"/>
              </lines>
            </method>
            <method name="TextContent" signature="" line-rate="0" branch-rate="0" complexity="0">
              <lines>
                <line number="512" hits="0" branch="false"/>
                <line number="513" hits="0" branch="false"/>
                <line number="514" hits="0" branch="false"/>
                <line number="515" hits="0" branch="false"/>
                <line number="516" hits="0" branch="false"/>
                <line number="517" hits="0" branch="false"/>
                <line number="518" hits="0" branch="false"/>
              </lines>
            </method>
            <method name="TextElement" signature="" line-rate="0" branch-rate="0" complexity="0">
              <lines>
                <line number="546" hits="0" branch="false"/>
                <line number="547" hits="0" branch="false"/>
                <line number="548" hits="0" branch="false"/>
                <line number="549" hits="0" branch="false"/>
                <line number="550" hits="0" branch="false"/>
                <line number="551" hits="0" branch="false"/>
                <line number="552" hits="0" branch="false"/>
                <line number="553" hits="0" branch="false"/>
                <line number="554" hits="0" branch="false"/>
                <line number="555" hits="0" branch="false"/>
              </lines>
            </method>
            <method name="ParagraphMarker" signature="" line-rate="0" branch-rate="0" complexity="0">
              <lines>
                <line number="574" hits="0" branch="false"/>
                <line number="575" hits="0" branch="false"/>
                <line number="576" hits="0" branch="false"/>
                <line number="577" hits="0" branch="false"/>
                <line number="578" hits="0" branch="false"/>
                <line number="579" hits="0" branch="false"/>
                <line number="580" hits="0" branch="false"/>
              </lines>
            </method>
            <method name="ParagraphStyle" signature="" line-rate="0" branch-rate="0" complexity="0">
              <lines>
                <line number="633" hits="0" branch="false"/>
                <line number="634" hits="0" branch="false"/>
                <line number="635" hits="0" branch="false"/>
                <line number="636" hits="0" branch="false"/>
                <line number="637" hits="0" branch="false"/>
                <line number="638" hits="0" branch="false"/>
                <line number="639" hits="0" branch="false"/>
                <line number="640" hits="0" branch="false"/>
                <line number="641" hits="0" branch="false"/>
                <line number="642" hits="0" branch="false"/>
                <line number="643" hits="0" branch="false"/>
                <line number="644" hits="0" branch="false"/>
                <line number="645" hits="0" branch="false"/>
                <line number="646" hits="0" branch="false"/>
                <line number="647" hits="0" branch="false"/>
                <line number="648" hits="0" branch="false"/>
                <line number="649" hits="0" branch="false"/>
              </lines>
            </method>
            <method name="Bullet" signature="" line-rate="0" branch-rate="0" complexity="0">
              <lines>
                <line number="674" hits="0" branch="false"/>
                <line number="675" hits="0" branch="false"/>
                <line number="676" hits="0" branch="false"/>
                <line number="677" hits="0" branch="false"/>
                <line number="678" hits="0" branch="false"/>
                <line number="679" hits="0" branch="false"/>
                <line number="680" hits="0" branch="false"/>
                <line number="681" hits="0" branch="false"/>
                <line number="682" hits="0" branch="false"/>
              </lines>
            </method>
            <method name="TextStyle" signature="" line-rate="0" branch-rate="0" complexity="0">
              <lines>
                <line number="745" hits="0" branch="false"/>
                <line number="746" hits="0" branch="false"/>
                <line number="747" hits="0" branch="false"/>
                <line number="748" hits="0" branch="false"/>
                <line number="749" hits="0" branch="false"/>
                <line number="750" hits="0" branch="false"/>
                <line number="751" hits="0" branch="false"/>
                <line number="752" hits="0" branch="false"/>
                <line number="753" hits="0" branch="false"/>
                <line number="754" hits="0" branch="false"/>
                <line number="755" hits="0" branch="false"/>
                <line number="756" hits="0" branch="false"/>
                <line number="757" hits="0" branch="false"/>
                <line number="758" hits="0" branch="false"/>
                <line number="759" hits="0" branch="false"/>
                <line number="760" hits="0" branch="false"/>
                <line number="761" hits="0" branch="false"/>
                <line number="762" hits="0" branch="false"/>
              </lines>
            </method>
            <method name="OptionalColor" signature="" line-rate="0" branch-rate="0" complexity="0">
              <lines>
                <line number="777" hits="0" branch="false"/>
                <line number="778" hits="0" branch="false"/>
                <line number="779" hits="0" branch="false"/>
                <line number="780" hits="0" branch="false"/>
                <line number="781" hits="0" branch="false"/>
                <line number="782" hits="0" branch="false"/>
              </lines>
            </method>
            <method name="OpaqueColor" signature="" line-rate="0" branch-rate="0" complexity="0">
              <lines>
                <line number="818" hits="0" branch="false"/>
                <line number="819" hits="0" branch="false"/>
                <line number="820" hits="0" branch="false"/>
                <line number="821" hits="0" branch="false"/>
                <line number="822" hits="0" branch="false"/>
                <line number="823" hits="0" branch="false"/>
                <line number="824" hits="0" branch="false"/>
                <line number="825" hits="0" branch="false"/>
              </lines>
            </method>
            <method name="RgbColor" signature="" line-rate="0" branch-rate="0" complexity="0">
              <lines>
                <line number="847" hits="0" branch="false"/>
                <line number="848" hits="0" branch="false"/>
                <line number="849" hits="0" branch="false"/>
                <line number="850" hits="0" branch="false"/>
                <line number="851" hits="0" branch="false"/>
                <line number="852" hits="0" branch="false"/>
                <line number="853" hits="0" branch="false"/>
                <line number="854" hits="0" branch="false"/>
              </lines>
            </method>
            <method name="Link" signature="" line-rate="0" branch-rate="0" complexity="0">
              <lines>
                <line number="884" hits="0" branch="false"/>
                <line number="885" hits="0" branch="false"/>
                <line number="886" hits="0" branch="false"/>
                <line number="887" hits="0" branch="false"/>
                <line number="888" hits="0" branch="false"/>
                <line number="889" hits="0" branch="false"/>
                <line number="890" hits="0" branch="false"/>
                <line number="891" hits="0" branch="false"/>
                <line number="892" hits="0" branch="false"/>
                <line number="893" hits="0" branch="false"/>
              </lines>
            </method>
            <method name="WeightedFontFamily" signature="" line-rate="0" branch-rate="0" complexity="0">
              <lines>
                <line number="912" hits="0" branch="false"/>
                <line number="913" hits="0" branch="false"/>
                <line number="914" hits="0" branch="false"/>
                <line number="915" hits="0" branch="false"/>
                <line number="916" hits="0" branch="false"/>
                <line number="917" hits="0" branch="false"/>
                <line number="918" hits="0" branch="false"/>
              </lines>
            </method>
            <method name="TextRun" signature="" line-rate="0" branch-rate="0" complexity="0">
              <lines>
                <line number="937" hits="0" branch="false"/>
                <line number="938" hits="0" branch="false"/>
                <line number="939" hits="0" branch="false"/>
                <line number="940" hits="0" branch="false"/>
                <line number="941" hits="0" branch="false"/>
                <line number="942" hits="0" branch="false"/>
                <line number="943" hits="0" branch="false"/>
              </lines>
            </method>
            <method name="AutoText" signature="" line-rate="0" branch-rate="0" complexity="0">
              <lines>
                <line number="967" hits="0" branch="false"/>
                <line number="968" hits="0" branch="false"/>
                <line number="969" hits="0" branch="false"/>
                <line number="970" hits="0" branch="false"/>
                <line number="971" hits="0" branch="false"/>
                <line number="972" hits="0" branch="false"/>
                <line number="973" hits="0" branch="false"/>
                <line number="974" hits="0" branch="false"/>
                <line number="975" hits="0" branch="false"/>
              </lines>
            </method>
            <method name="List" signature="" line-rate="0" branch-rate="0" complexity="0">
              <lines>
                <line number="994" hits="0" branch="false"/>
                <line number="995" hits="0" branch="false"/>
                <line number="996" hits="0" branch="false"/>
                <line number="997" hits="0" branch="false"/>
                <line number="998" hits="0" branch="false"/>
                <line number="999" hits="0" branch="false"/>
                <line number="1000" hits="0" branch="false"/>
              </lines>
            </method>
            <method name="NestingLevel" signature="" line-rate="0" branch-rate="0" complexity="0">
              <lines>
                <line number="1015" hits="0" branch="false"/>
                <line number="1016" hits="0" branch="false"/>
                <line number="1017" hits="0" branch="false"/>
                <line number="1018" hits="0" branch="false"/>
                <line number="1019" hits="0" branch="false"/>
                <line number="1020" hits="0" branch="false"/>
              </lines>
            </method>
            <method name="ShapeProperties" signature="" line-rate="0" branch-rate="0" complexity="0">
              <lines>
                <line number="1056" hits="0" branch="false"/>
                <line number="1057" hits="0" branch="false"/>
                <line number="1058" hits="0" branch="false"/>
                <line number="1059" hits="0" branch="false"/>
                <line number="1060" hits="0" branch="false"/>
                <line number="1061" hits="0" branch="false"/>
                <line number="1062" hits="0" branch="false"/>
                <line number="1063" hits="0" branch="false"/>
                <line number="1064" hits="0" branch="false"/>
                <line number="1065" hits="0" branch="false"/>
                <line number="1066" hits="0" branch="false"/>
                <line number="1067" hits="0" branch="false"/>
              </lines>
            </method>
            <method name="ShapeBackgroundFill" signature="" line-rate="0" branch-rate="0" complexity="0">
              <lines>
                <line number="1089" hits="0" branch="false"/>
                <line number="1090" hits="0" branch="false"/>
                <line number="1091" hits="0" branch="false"/>
                <line number="1092" hits="0" branch="false"/>
                <line number="1093" hits="0" branch="false"/>
                <line number="1094" hits="0" branch="false"/>
                <line number="1095" hits="0" branch="false"/>
                <line number="1096" hits="0" branch="false"/>
              </lines>
            </method>
            <method name="SolidFill" signature="" line-rate="0" branch-rate="0" complexity="0">
              <lines>
                <line number="1117" hits="0" branch="false"/>
                <line number="1118" hits="0" branch="false"/>
                <line number="1119" hits="0" branch="false"/>
                <line number="1120" hits="0" branch="false"/>
                <line number="1121" hits="0" branch="false"/>
                <line number="1122" hits="0" branch="false"/>
                <line number="1123" hits="0" branch="false"/>
              </lines>
            </method>
            <method name="Outline" signature="" line-rate="0" branch-rate="0" complexity="0">
              <lines>
                <line number="1158" hits="0" branch="false"/>
                <line number="1159" hits="0" branch="false"/>
                <line number="1160" hits="0" branch="false"/>
                <line number="1161" hits="0" branch="false"/>
                <line number="1162" hits="0" branch="false"/>
                <line number="1163" hits="0" branch="false"/>
                <line number="1164" hits="0" branch="false"/>
                <line number="1165" hits="0" branch="false"/>
                <line number="1166" hits="0" branch="false"/>
                <line number="1167" hits="0" branch="false"/>
                <line number="1168" hits="0" branch="false"/>
              </lines>
            </method>
            <method name="OutlineFill" signature="" line-rate="0" branch-rate="0" complexity="0">
              <lines>
                <line number="1183" hits="0" branch="false"/>
                <line number="1184" hits="0" branch="false"/>
                <line number="1185" hits="0" branch="false"/>
                <line number="1186" hits="0" branch="false"/>
                <line number="1187" hits="0" branch="false"/>
                <line number="1188" hits="0" branch="false"/>
              </lines>
            </method>
            <method name="Shadow" signature="" line-rate="0" branch-rate="0" complexity="0">
              <lines>
                <line number="1240" hits="0" branch="false"/>
                <line number="1241" hits="0" branch="false"/>
                <line number="1242" hits="0" branch="false"/>
                <line number="1243" hits="0" branch="false"/>
                <line number="1244" hits="0" branch="false"/>
                <line number="1245" hits="0" branch="false"/>
                <line number="1246" hits="0" branch="false"/>
                <line number="1247" hits="0" branch="false"/>
                <line number="1248" hits="0" branch="false"/>
                <line number="1249" hits="0" branch="false"/>
                <line number="1250" hits="0" branch="false"/>
                <line number="1251" hits="0" branch="false"/>
                <line number="1252" hits="0" branch="false"/>
                <line number="1253" hits="0" branch="false"/>
                <line number="1254" hits="0" branch="false"/>
                <line number="1255" hits="0" branch="false"/>
              </lines>
            </method>
            <method name="Autofit" signature="" line-rate="0" branch-rate="0" complexity="0">
              <lines>
                <line number="1281" hits="0" branch="false"/>
                <line number="1282" hits="0" branch="false"/>
                <line number="1283" hits="0" branch="false"/>
                <line number="1284" hits="0" branch="false"/>
                <line number="1285" hits="0" branch="false"/>
                <line number="1286" hits="0" branch="false"/>
                <line number="1287" hits="0" branch="false"/>
                <line number="1288" hits="0" branch="false"/>
                <line number="1289" hits="0" branch="false"/>
              </lines>
            </method>
            <method name="Placeholder" signature="" line-rate="0" branch-rate="0" complexity="0">
              <lines>
                <line number="1328" hits="0" branch="false"/>
                <line number="1329" hits="0" branch="false"/>
                <line number="1330" hits="0" branch="false"/>
                <line number="1331" hits="0" branch="false"/>
                <line number="1332" hits="0" branch="false"/>
                <line number="1333" hits="0" branch="false"/>
                <line number="1334" hits="0" branch="false"/>
                <line number="1335" hits="0" branch="false"/>
                <line number="1336" hits="0" branch="false"/>
              </lines>
            </method>
            <method name="Image" signature="" line-rate="0" branch-rate="0" complexity="0">
              <lines>
                <line number="1361" hits="0" branch="false"/>
                <line number="1362" hits="0" branch="false"/>
                <line number="1363" hits="0" branch="false"/>
                <line number="1364" hits="0" branch="false"/>
                <line number="1365" hits="0" branch="false"/>
                <line number="1366" hits="0" branch="false"/>
                <line number="1367" hits="0" branch="false"/>
                <line number="1368" hits="0" branch="false"/>
                <line number="1369" hits="0" branch="false"/>
              </lines>
            </method>
            <method name="ImageProperties" signature="" line-rate="0" branch-rate="0" complexity="0">
              <lines>
                <line number="1406" hits="0" branch="false"/>
                <line number="1407" hits="0" branch="false"/>
                <line number="1408" hits="0" branch="false"/>
                <line number="1409" hits="0" branch="false"/>
                <line number="1410" hits="0" branch="false"/>
                <line number="1411" hits="0" branch="false"/>
                <line number="1412" hits="0" branch="false"/>
                <line number="1413" hits="0" branch="false"/>
                <line number="1414" hits="0" branch="false"/>
                <line number="1415" hits="0" branch="false"/>
                <line number="1416" hits="0" branch="false"/>
                <line number="1417" hits="0" branch="false"/>
                <line number="1418" hits="0" branch="false"/>
              </lines>
            </method>
            <method name="CropProperties" signature="" line-rate="0" branch-rate="0" complexity="0">
              <lines>
                <line number="1451" hits="0" branch="false"/>
                <line number="1452" hits="0" branch="false"/>
                <line number="1453" hits="0" branch="false"/>
                <line number="1454" hits="0" branch="false"/>
                <line number="1455" hits="0" branch="false"/>
                <line number="1456" hits="0" branch="false"/>
                <line number="1457" hits="0" branch="false"/>
                <line number="1458" hits="0" branch="false"/>
                <line number="1459" hits="0" branch="false"/>
                <line number="1460" hits="0" branch="false"/>
              </lines>
            </method>
            <method name="Recolor" signature="" line-rate="0" branch-rate="0" complexity="0">
              <lines>
                <line number="1504" hits="0" branch="false"/>
                <line number="1505" hits="0" branch="false"/>
                <line number="1506" hits="0" branch="false"/>
                <line number="1507" hits="0" branch="false"/>
                <line number="1508" hits="0" branch="false"/>
                <line number="1509" hits="0" branch="false"/>
                <line number="1510" hits="0" branch="false"/>
                <line number="1511" hits="0" branch="false"/>
              </lines>
            </method>
            <method name="ColorStop" signature="" line-rate="0" branch-rate="0" complexity="0">
              <lines>
                <line number="1533" hits="0" branch="false"/>
                <line number="1534" hits="0" branch="false"/>
                <line number="1535" hits="0" branch="false"/>
                <line number="1536" hits="0" branch="false"/>
                <line number="1537" hits="0" branch="false"/>
                <line number="1538" hits="0" branch="false"/>
                <line number="1539" hits="0" branch="false"/>
                <line number="1540" hits="0" branch="false"/>
              </lines>
            </method>
            <method name="Video" signature="" line-rate="0" branch-rate="0" complexity="0">
              <lines>
                <line number="1568" hits="0" branch="false"/>
                <line number="1569" hits="0" branch="false"/>
                <line number="1570" hits="0" branch="false"/>
                <line number="1571" hits="0" branch="false"/>
                <line number="1572" hits="0" branch="false"/>
                <line number="1573" hits="0" branch="false"/>
                <line number="1574" hits="0" branch="false"/>
                <line number="1575" hits="0" branch="false"/>
                <line number="1576" hits="0" branch="false"/>
                <line number="1577" hits="0" branch="false"/>
              </lines>
            </method>
            <method name="VideoProperties" signature="" line-rate="0" branch-rate="0" complexity="0">
              <lines>
                <line number="1605" hits="0" branch="false"/>
                <line number="1606" hits="0" branch="false"/>
                <line number="1607" hits="0" branch="false"/>
                <line number="1608" hits="0" branch="false"/>
                <line number="1609" hits="0" branch="false"/>
                <line number="1610" hits="0" branch="false"/>
                <line number="1611" hits="0" branch="false"/>
                <line number="1612" hits="0" branch="false"/>
                <line number="1613" hits="0" branch="false"/>
                <line number="1614" hits="0" branch="false"/>
              </lines>
            </method>
            <method name="Line" signature="" line-rate="0" branch-rate="0" complexity="0">
              <lines>
                <line number="1651" hits="0" branch="false"/>
                <line number="1652" hits="0" branch="false"/>
                <line number="1653" hits="0" branch="false"/>
                <line number="1654" hits="0" branch="false"/>
                <line number="1655" hits="0" branch="false"/>
                <line number="1656" hits="0" branch="false"/>
                <line number="1657" hits="0" branch="false"/>
                <line number="1658" hits="0" branch="false"/>
                <line number="1659" hits="0" branch="false"/>
                <line number="1660" hits="0" branch="false"/>
              </lines>
            </method>
            <method name="LineProperties" signature="" line-rate="0" branch-rate="0" complexity="0">
              <lines>
                <line number="1726" hits="0" branch="false"/>
                <line number="1727" hits="0" branch="false"/>
                <line number="1728" hits="0" branch="false"/>
                <line number="1729" hits="0" branch="false"/>
                <line number="1730" hits="0" branch="false"/>
                <line number="1731" hits="0" branch="false"/>
                <line number="1732" hits="0" branch="false"/>
                <line number="1733" hits="0" branch="false"/>
                <line number="1734" hits="0" branch="false"/>
                <line number="1735" hits="0" branch="false"/>
                <line number="1736" hits="0" branch="false"/>
                <line number="1737" hits="0" branch="false"/>
                <line number="1738" hits="0" branch="false"/>
                <line number="1739" hits="0" branch="false"/>
                <line number="1740" hits="0" branch="false"/>
                <line number="1741" hits="0" branch="false"/>
              </lines>
            </method>
            <method name="LineFill" signature="" line-rate="0" branch-rate="0" complexity="0">
              <lines>
                <line number="1756" hits="0" branch="false"/>
                <line number="1757" hits="0" branch="false"/>
                <line number="1758" hits="0" branch="false"/>
                <line number="1759" hits="0" branch="false"/>
                <line number="1760" hits="0" branch="false"/>
                <line number="1761" hits="0" branch="false"/>
              </lines>
            </method>
            <method name="LineConnection" signature="" line-rate="0" branch-rate="0" complexity="0">
              <lines>
                <line number="1780" hits="0" branch="false"/>
                <line number="1781" hits="0" branch="false"/>
                <line number="1782" hits="0" branch="false"/>
                <line number="1783" hits="0" branch="false"/>
                <line number="1784" hits="0" branch="false"/>
                <line number="1785" hits="0" branch="false"/>
                <line number="1786" hits="0" branch="false"/>
              </lines>
            </method>
            <method name="Table" signature="" line-rate="0" branch-rate="0" complexity="0">
              <lines>
                <line number="1817" hits="0" branch="false"/>
                <line number="1818" hits="0" branch="false"/>
                <line number="1819" hits="0" branch="false"/>
                <line number="1820" hits="0" branch="false"/>
                <line number="1821" hits="0" branch="false"/>
                <line number="1822" hits="0" branch="false"/>
                <line number="1823" hits="0" branch="false"/>
                <line number="1824" hits="0" branch="false"/>
                <line number="1825" hits="0" branch="false"/>
                <line number="1826" hits="0" branch="false"/>
                <line number="1827" hits="0" branch="false"/>
              </lines>
            </method>
            <method name="TableRow" signature="" line-rate="0" branch-rate="0" complexity="0">
              <lines>
                <line number="1849" hits="0" branch="false"/>
                <line number="1850" hits="0" branch="false"/>
                <line number="1851" hits="0" branch="false"/>
                <line number="1852" hits="0" branch="false"/>
                <line number="1853" hits="0" branch="false"/>
                <line number="1854" hits="0" branch="false"/>
                <line number="1855" hits="0" branch="false"/>
                <line number="1856" hits="0" branch="false"/>
              </lines>
            </method>
            <method name="TableRowProperties" signature="" line-rate="0" branch-rate="0" complexity="0">
              <lines>
                <line number="1871" hits="0" branch="false"/>
                <line number="1872" hits="0" branch="false"/>
                <line number="1873" hits="0" branch="false"/>
                <line number="1874" hits="0" branch="false"/>
                <line number="1875" hits="0" branch="false"/>
                <line number="1876" hits="0" branch="false"/>
              </lines>
            </method>
            <method name="TableCell" signature="" line-rate="0" branch-rate="0" complexity="0">
              <lines>
                <line number="1904" hits="0" branch="false"/>
                <line number="1905" hits="0" branch="false"/>
                <line number="1906" hits="0" branch="false"/>
                <line number="1907" hits="0" branch="false"/>
                <line number="1908" hits="0" branch="false"/>
                <line number="1909" hits="0" branch="false"/>
                <line number="1910" hits="0" branch="false"/>
                <line number="1911" hits="0" branch="false"/>
                <line number="1912" hits="0" branch="false"/>
                <line number="1913" hits="0" branch="false"/>
              </lines>
            </method>
            <method name="TableCellLocation" signature="" line-rate="0" branch-rate="0" complexity="0">
              <lines>
                <line number="1932" hits="0" branch="false"/>
                <line number="1933" hits="0" branch="false"/>
                <line number="1934" hits="0" branch="false"/>
                <line number="1935" hits="0" branch="false"/>
                <line number="1936" hits="0" branch="false"/>
                <line number="1937" hits="0" branch="false"/>
                <line number="1938" hits="0" branch="false"/>
              </lines>
            </method>
            <method name="TableCellProperties" signature="" line-rate="0" branch-rate="0" complexity="0">
              <lines>
                <line number="1962" hits="0" branch="false"/>
                <line number="1963" hits="0" branch="false"/>
                <line number="1964" hits="0" branch="false"/>
                <line number="1965" hits="0" branch="false"/>
                <line number="1966" hits="0" branch="false"/>
                <line number="1967" hits="0" branch="false"/>
                <line number="1968" hits="0" branch="false"/>
                <line number="1969" hits="0" branch="false"/>
              </lines>
            </method>
            <method name="TableCellBackgroundFill" signature="" line-rate="0" branch-rate="0" complexity="0">
              <lines>
                <line number="1991" hits="0" branch="false"/>
                <line number="1992" hits="0" branch="false"/>
                <line number="1993" hits="0" branch="false"/>
                <line number="1994" hits="0" branch="false"/>
                <line number="1995" hits="0" branch="false"/>
                <line number="1996" hits="0" branch="false"/>
                <line number="1997" hits="0" branch="false"/>
                <line number="1998" hits="0" branch="false"/>
              </lines>
            </method>
            <method name="TableColumnProperties" signature="" line-rate="0" branch-rate="0" complexity="0">
              <lines>
                <line number="2013" hits="0" branch="false"/>
                <line number="2014" hits="0" branch="false"/>
                <line number="2015" hits="0" branch="false"/>
                <line number="2016" hits="0" branch="false"/>
                <line number="2017" hits="0" branch="false"/>
                <line number="2018" hits="0" branch="false"/>
              </lines>
            </method>
            <method name="TableBorderRow" signature="" line-rate="0" branch-rate="0" complexity="0">
              <lines>
                <line number="2033" hits="0" branch="false"/>
                <line number="2034" hits="0" branch="false"/>
                <line number="2035" hits="0" branch="false"/>
                <line number="2036" hits="0" branch="false"/>
                <line number="2037" hits="0" branch="false"/>
                <line number="2038" hits="0" branch="false"/>
              </lines>
            </method>
            <method name="TableBorderCell" signature="" line-rate="0" branch-rate="0" complexity="0">
              <lines>
                <line number="2057" hits="0" branch="false"/>
                <line number="2058" hits="0" branch="false"/>
                <line number="2059" hits="0" branch="false"/>
                <line number="2060" hits="0" branch="false"/>
                <line number="2061" hits="0" branch="false"/>
                <line number="2062" hits="0" branch="false"/>
                <line number="2063" hits="0" branch="false"/>
              </lines>
            </method>
            <method name="TableBorderProperties" signature="" line-rate="0" branch-rate="0" complexity="0">
              <lines>
                <line number="2092" hits="0" branch="false"/>
                <line number="2093" hits="0" branch="false"/>
                <line number="2094" hits="0" branch="false"/>
                <line number="2095" hits="0" branch="false"/>
                <line number="2096" hits="0" branch="false"/>
                <line number="2097" hits="0" branch="false"/>
                <line number="2098" hits="0" branch="false"/>
                <line number="2099" hits="0" branch="false"/>
                <line number="2100" hits="0" branch="false"/>
              </lines>
            </method>
            <method name="TableBorderFill" signature="" line-rate="0" branch-rate="0" complexity="0">
              <lines>
                <line number="2115" hits="0" branch="false"/>
                <line number="2116" hits="0" branch="false"/>
                <line number="2117" hits="0" branch="false"/>
                <line number="2118" hits="0" branch="false"/>
                <line number="2119" hits="0" branch="false"/>
                <line number="2120" hits="0" branch="false"/>
              </lines>
            </method>
            <method name="WordArt" signature="" line-rate="0" branch-rate="0" complexity="0">
              <lines>
                <line number="2135" hits="0" branch="false"/>
                <line number="2136" hits="0" branch="false"/>
                <line number="2137" hits="0" branch="false"/>
                <line number="2138" hits="0" branch="false"/>
                <line number="2139" hits="0" branch="false"/>
                <line number="2140" hits="0" branch="false"/>
              </lines>
            </method>
            <method name="SheetsChart" signature="" line-rate="0" branch-rate="0" complexity="0">
              <lines>
                <line number="2165" hits="0" branch="false"/>
                <line number="2166" hits="0" branch="false"/>
                <line number="2167" hits="0" branch="false"/>
                <line number="2168" hits="0" branch="false"/>
                <line number="2169" hits="0" branch="false"/>
                <line number="2170" hits="0" branch="false"/>
                <line number="2171" hits="0" branch="false"/>
                <line number="2172" hits="0" branch="false"/>
                <line number="2173" hits="0" branch="false"/>
              </lines>
            </method>
            <method name="SheetsChartProperties" signature="" line-rate="0" branch-rate="0" complexity="0">
              <lines>
                <line number="2188" hits="0" branch="false"/>
                <line number="2189" hits="0" branch="false"/>
                <line number="2190" hits="0" branch="false"/>
                <line number="2191" hits="0" branch="false"/>
                <line number="2192" hits="0" branch="false"/>
                <line number="2193" hits="0" branch="false"/>
              </lines>
            </method>
            <method name="SpeakerSpotlight" signature="" line-rate="0" branch-rate="0" complexity="0">
              <lines>
                <line number="2208" hits="0" branch="false"/>
                <line number="2209" hits="0" branch="false"/>
                <line number="2210" hits="0" branch="false"/>
                <line number="2211" hits="0" branch="false"/>
                <line number="2212" hits="0" branch="false"/>
                <line number="2213" hits="0" branch="false"/>
              </lines>
            </method>
            <method name="SpeakerSpotlightProperties" signature="" line-rate="0" branch-rate="0" complexity="0">
              <lines>
                <line number="2232" hits="0" branch="false"/>
                <line number="2233" hits="0" branch="false"/>
                <line number="2234" hits="0" branch="false"/>
                <line number="2235" hits="0" branch="false"/>
                <line number="2236" hits="0" branch="false"/>
                <line number="2237" hits="0" branch="false"/>
                <line number="2238" hits="0" branch="false"/>
              </lines>
            </method>
            <method name="SlideProperties" signature="" line-rate="0" branch-rate="0" complexity="0">
              <lines>
                <line number="2263" hits="0" branch="false"/>
                <line number="2264" hits="0" branch="false"/>
                <line number="2265" hits="0" branch="false"/>
                <line number="2266" hits="0" branch="false"/>
                <line number="2267" hits="0" branch="false"/>
                <line number="2268" hits="0" branch="false"/>
                <line number="2269" hits="0" branch="false"/>
                <line number="2270" hits="0" branch="false"/>
                <line number="2271" hits="0" branch="false"/>
              </lines>
            </method>
            <method name="LayoutProperties" signature="" line-rate="0" branch-rate="0" complexity="0">
              <lines>
                <line number="2293" hits="0" branch="false"/>
                <line number="2294" hits="0" branch="false"/>
                <line number="2295" hits="0" branch="false"/>
                <line number="2296" hits="0" branch="false"/>
                <line number="2297" hits="0" branch="false"/>
                <line number="2298" hits="0" branch="false"/>
                <line number="2299" hits="0" branch="false"/>
                <line number="2300" hits="0" branch="false"/>
              </lines>
            </method>
            <method name="NotesProperties" signature="" line-rate="0" branch-rate="0" complexity="0">
[...]
                <line number="39" hits="0" branch="false"/>
                <line number="40" hits="0" branch="false"/>
                <line number="41" hits="0" branch="false"/>
                <line number="42" hits="0" branch="false"/>
                <line number="43" hits="0" branch="false"/>
                <line number="44" hits="0" branch="false"/>
                <line number="45" hits="0" branch="false"/>
                <line number="47" hits="0" branch="false"/>
                <line number="50" hits="0" branch="false"/>
                <line number="52" hits="0" branch="false"/>
              </lines>
            </method>
          </methods>
          <lines>
            <line number="7" hits="0" branch="false"/>
            <line number="8" hits="0" branch="false"/>
            <line number="10" hits="0" branch="false"/>
            <line number="27" hits="0" branch="false"/>
            <line number="28" hits="0" branch="false"/>
            <line number="29" hits="0" branch="false"/>
            <line number="30" hits="0" branch="false"/>
            <line number="31" hits="0" branch="false"/>
            <line number="32" hits="0" branch="false"/>
            <line number="37" hits="0" branch="false"/>
            <line number="38" hits="0" branch="false"/>
            <line number="39" hits="0" branch="false"/>
            <line number="40" hits="0" branch="false"/>
            <line number="41" hits="0" branch="false"/>
            <line number="42" hits="0" branch="false"/>
            <line number="43" hits="0" branch="false"/>
            <line number="44" hits="0" branch="false"/>
            <line number="45" hits="0" branch="false"/>
            <line number="47" hits="0" branch="false"/>
            <line number="50" hits="0" branch="false"/>
            <line number="52" hits="0" branch="false"/>
          </lines>
        </class>
        <class name="gauth_token.R" filename="R/gauth_token.R" line-rate="0" branch-rate="0" complexity="0">
          <methods>
            <method name="initialize" signature="" line-rate="0" branch-rate="0" complexity="0">
              <lines>
                <line number="4" hits="0" branch="false"/>
                <line number="5" hits="0" branch="false"/>
                <line number="6" hits="0" branch="false"/>
                <line number="7" hits="0" branch="false"/>
                <line number="8" hits="0" branch="false"/>
                <line number="10" hits="0" branch="false"/>
              </lines>
            </method>
            <method name="can_refresh" signature="" line-rate="0" branch-rate="0" complexity="0">
              <lines>
                <line number="13" hits="0" branch="false"/>
              </lines>
            </method>
            <method name="refresh" signature="" line-rate="0" branch-rate="0" complexity="0">
              <lines>
                <line number="16" hits="0" branch="false"/>
              </lines>
            </method>
            <method name="sign" signature="" line-rate="0" branch-rate="0" complexity="0">
              <lines>
                <line number="19" hits="0" branch="false"/>
                <line number="20" hits="0" branch="false"/>
                <line number="21" hits="0" branch="false"/>
                <line number="22" hits="0" branch="false"/>
              </lines>
            </method>
            <method name="cache" signature="" line-rate="0" branch-rate="0" complexity="0">
              <lines>
                <line number="25" hits="0" branch="false"/>
              </lines>
            </method>
            <method name="load_from_cache" signature="" line-rate="0" branch-rate="0" complexity="0">
              <lines>
                <line number="26" hits="0" branch="false"/>
              </lines>
            </method>
            <method name="use_gauth_workflow" signature="" line-rate="0" branch-rate="0" complexity="0">
              <lines>
                <line number="33" hits="0" branch="false"/>
                <line number="34" hits="0" branch="false"/>
              </lines>
            </method>
            <method name="httr_request" signature="" line-rate="0" branch-rate="0" complexity="0">
              <lines>
                <line number="40" hits="0" branch="false"/>
                <line number="41" hits="0" branch="false"/>
                <line number="43" hits="0" branch="false"/>
                <line number="44" hits="0" branch="false"/>
                <line number="46" hits="0" branch="false"/>
                <line number="47" hits="0" branch="false"/>
                <line number="49" hits="0" branch="false"/>
                <line number="50" hits="0" branch="false"/>
                <line number="52" hits="0" branch="false"/>
                <line number="53" hits="0" branch="false"/>
                <line number="55" hits="0" branch="false"/>
                <line number="56" hits="0" branch="false"/>
                <line number="57" hits="0" branch="false"/>
              </lines>
            </method>
            <method name="keep_last" signature="" line-rate="0" branch-rate="0" complexity="0">
              <lines>
                <line number="61" hits="0" branch="false"/>
                <line number="62" hits="0" branch="false"/>
              </lines>
            </method>
            <method name="compact" signature="" line-rate="0" branch-rate="0" complexity="0">
              <lines>
                <line number="66" hits="0" branch="false"/>
                <line number="67" hits="0" branch="false"/>
              </lines>
            </method>
            <method name="is_empty" signature="" line-rate="0" branch-rate="0" complexity="0">
              <lines>
                <line number="70" hits="0" branch="false"/>
              </lines>
            </method>
          </methods>
          <lines>
            <line number="4" hits="0" branch="false"/>
            <line number="5" hits="0" branch="false"/>
            <line number="6" hits="0" branch="false"/>
            <line number="7" hits="0" branch="false"/>
            <line number="8" hits="0" branch="false"/>
            <line number="10" hits="0" branch="false"/>
            <line number="13" hits="0" branch="false"/>
            <line number="16" hits="0" branch="false"/>
            <line number="19" hits="0" branch="false"/>
            <line number="20" hits="0" branch="false"/>
            <line number="21" hits="0" branch="false"/>
            <line number="22" hits="0" branch="false"/>
            <line number="25" hits="0" branch="false"/>
            <line number="26" hits="0" branch="false"/>
            <line number="33" hits="0" branch="false"/>
            <line number="34" hits="0" branch="false"/>
            <line number="40" hits="0" branch="false"/>
            <line number="41" hits="0" branch="false"/>
            <line number="43" hits="0" branch="false"/>
            <line number="44" hits="0" branch="false"/>
            <line number="46" hits="0" branch="false"/>
            <line number="47" hits="0" branch="false"/>
            <line number="49" hits="0" branch="false"/>
            <line number="50" hits="0" branch="false"/>
            <line number="52" hits="0" branch="false"/>
            <line number="53" hits="0" branch="false"/>
            <line number="55" hits="0" branch="false"/>
            <line number="56" hits="0" branch="false"/>
            <line number="57" hits="0" branch="false"/>
            <line number="61" hits="0" branch="false"/>
            <line number="62" hits="0" branch="false"/>
            <line number="66" hits="0" branch="false"/>
            <line number="67" hits="0" branch="false"/>
            <line number="70" hits="0" branch="false"/>
          </lines>
        </class>
        <class name="generics.R" filename="R/generics.R" line-rate="0" branch-rate="0" complexity="0">
          <methods>
            <method name="add_to_slides" signature="" line-rate="0" branch-rate="0" complexity="0">
              <lines>
                <line number="16" hits="0" branch="false"/>
              </lines>
            </method>
          </methods>
          <lines>
            <line number="16" hits="0" branch="false"/>
          </lines>
        </class>
        <class name="get_slide_ids.R" filename="R/get_slide_ids.R" line-rate="0" branch-rate="0" complexity="0">
          <methods>
            <method name="get_slide_ids" signature="" line-rate="0" branch-rate="0" complexity="0">
              <lines>
                <line number="14" hits="0" branch="false"/>
                <line number="15" hits="0" branch="false"/>
              </lines>
            </method>
            <method name="get_object_ids" signature="" line-rate="0" branch-rate="0" complexity="0">
              <lines>
                <line number="32" hits="0" branch="false"/>
                <line number="33" hits="0" branch="false"/>
                <line number="34" hits="0" branch="false"/>
                <line number="35" hits="0" branch="false"/>
                <line number="36" hits="0" branch="false"/>
              </lines>
            </method>
          </methods>
          <lines>
            <line number="14" hits="0" branch="false"/>
            <line number="15" hits="0" branch="false"/>
            <line number="32" hits="0" branch="false"/>
            <line number="33" hits="0" branch="false"/>
            <line number="34" hits="0" branch="false"/>
            <line number="35" hits="0" branch="false"/>
            <line number="36" hits="0" branch="false"/>
          </lines>
        </class>
        <class name="helpers.R" filename="R/helpers.R" line-rate="0" branch-rate="0" complexity="0">
          <methods>
            <method name="new_id" signature="" line-rate="0" branch-rate="0" complexity="0">
              <lines>
                <line number="2" hits="0" branch="false"/>
                <line number="3" hits="0" branch="false"/>
                <line number="4" hits="0" branch="false"/>
                <line number="5" hits="0" branch="false"/>
                <line number="6" hits="0" branch="false"/>
                <line number="7" hits="0" branch="false"/>
              </lines>
            </method>
            <method name="same" signature="" line-rate="0" branch-rate="0" complexity="0">
              <lines>
                <line number="11" hits="0" branch="false"/>
              </lines>
            </method>
          </methods>
          <lines>
            <line number="2" hits="0" branch="false"/>
            <line number="3" hits="0" branch="false"/>
            <line number="4" hits="0" branch="false"/>
            <line number="5" hits="0" branch="false"/>
            <line number="6" hits="0" branch="false"/>
            <line number="7" hits="0" branch="false"/>
            <line number="11" hits="0" branch="false"/>
          </lines>
        </class>
        <class name="matrix.R" filename="R/matrix.R" line-rate="0" branch-rate="0" complexity="0">
          <methods>
            <method name="add_to_slides.matrix" signature="" line-rate="0" branch-rate="0" complexity="0">
              <lines>
                <line number="20" hits="0" branch="false"/>
                <line number="21" hits="0" branch="false"/>
                <line number="23" hits="0" branch="false"/>
                <line number="25" hits="0" branch="false"/>
                <line number="26" hits="0" branch="false"/>
                <line number="27" hits="0" branch="false"/>
                <line number="31" hits="0" branch="false"/>
                <line number="33" hits="0" branch="false"/>
                <line number="34" hits="0" branch="false"/>
                <line number="35" hits="0" branch="false"/>
                <line number="36" hits="0" branch="false"/>
                <line number="37" hits="0" branch="false"/>
                <line number="38" hits="0" branch="false"/>
                <line number="39" hits="0" branch="false"/>
                <line number="40" hits="0" branch="false"/>
              </lines>
            </method>
            <method name="make_matrix_table" signature="" line-rate="0" branch-rate="0" complexity="0">
              <lines>
                <line number="44" hits="0" branch="false"/>
                <line number="45" hits="0" branch="false"/>
                <line number="46" hits="0" branch="false"/>
                <line number="47" hits="0" branch="false"/>
                <line number="48" hits="0" branch="false"/>
                <line number="51" hits="0" branch="false"/>
                <line number="53" hits="0" branch="false"/>
                <line number="54" hits="0" branch="false"/>
                <line number="55" hits="0" branch="false"/>
                <line number="56" hits="0" branch="false"/>
                <line number="57" hits="0" branch="false"/>
                <line number="58" hits="0" branch="false"/>
                <line number="60" hits="0" branch="false"/>
                <line number="62" hits="0" branch="false"/>
                <line number="63" hits="0" branch="false"/>
                <line number="64" hits="0" branch="false"/>
                <line number="65" hits="0" branch="false"/>
                <line number="66" hits="0" branch="false"/>
                <line number="67" hits="0" branch="false"/>
                <line number="68" hits="0" branch="false"/>
                <line number="69" hits="0" branch="false"/>
                <line number="72" hits="0" branch="false"/>
                <line number="73" hits="0" branch="false"/>
              </lines>
            </method>
          </methods>
          <lines>
            <line number="20" hits="0" branch="false"/>
            <line number="21" hits="0" branch="false"/>
            <line number="23" hits="0" branch="false"/>
            <line number="25" hits="0" branch="false"/>
            <line number="26" hits="0" branch="false"/>
            <line number="27" hits="0" branch="false"/>
            <line number="31" hits="0" branch="false"/>
            <line number="33" hits="0" branch="false"/>
            <line number="34" hits="0" branch="false"/>
            <line number="35" hits="0" branch="false"/>
            <line number="36" hits="0" branch="false"/>
            <line number="37" hits="0" branch="false"/>
            <line number="38" hits="0" branch="false"/>
            <line number="39" hits="0" branch="false"/>
            <line number="40" hits="0" branch="false"/>
            <line number="44" hits="0" branch="false"/>
            <line number="45" hits="0" branch="false"/>
            <line number="46" hits="0" branch="false"/>
            <line number="47" hits="0" branch="false"/>
            <line number="48" hits="0" branch="false"/>
            <line number="51" hits="0" branch="false"/>
            <line number="53" hits="0" branch="false"/>
            <line number="54" hits="0" branch="false"/>
            <line number="55" hits="0" branch="false"/>
            <line number="56" hits="0" branch="false"/>
            <line number="57" hits="0" branch="false"/>
            <line number="58" hits="0" branch="false"/>
            <line number="60" hits="0" branch="false"/>
            <line number="62" hits="0" branch="false"/>
            <line number="63" hits="0" branch="false"/>
            <line number="64" hits="0" branch="false"/>
            <line number="65" hits="0" branch="false"/>
            <line number="66" hits="0" branch="false"/>
            <line number="67" hits="0" branch="false"/>
            <line number="68" hits="0" branch="false"/>
            <line number="69" hits="0" branch="false"/>
            <line number="72" hits="0" branch="false"/>
            <line number="73" hits="0" branch="false"/>
          </lines>
        </class>
        <class name="thumbnail.R" filename="R/thumbnail.R" line-rate="0" branch-rate="0" complexity="0">
          <methods>
            <method name="view_slide" signature="" line-rate="0" branch-rate="0" complexity="0">
              <lines>
                <line number="12" hits="0" branch="false"/>
                <line number="13" hits="0" branch="false"/>
                <line number="14" hits="0" branch="false"/>
                <line number="15" hits="0" branch="false"/>
                <line number="16" hits="0" branch="false"/>
                <line number="17" hits="0" branch="false"/>
                <line number="18" hits="0" branch="false"/>
                <line number="19" hits="0" branch="false"/>
                <line number="21" hits="0" branch="false"/>
                <line number="24" hits="0" branch="false"/>
              </lines>
            </method>
            <method name="get_slide_img" signature="" line-rate="0" branch-rate="0" complexity="0">
              <lines>
                <line number="28" hits="0" branch="false"/>
                <line number="29" hits="0" branch="false"/>
                <line number="30" hits="0" branch="false"/>
                <line number="31" hits="0" branch="false"/>
                <line number="32" hits="0" branch="false"/>
                <line number="33" hits="0" branch="false"/>
                <line number="34" hits="0" branch="false"/>
                <line number="35" hits="0" branch="false"/>
                <line number="36" hits="0" branch="false"/>
              </lines>
            </method>
          </methods>
          <lines>
            <line number="12" hits="0" branch="false"/>
            <line number="13" hits="0" branch="false"/>
            <line number="14" hits="0" branch="false"/>
            <line number="15" hits="0" branch="false"/>
            <line number="16" hits="0" branch="false"/>
            <line number="17" hits="0" branch="false"/>
            <line number="18" hits="0" branch="false"/>
            <line number="19" hits="0" branch="false"/>
            <line number="21" hits="0" branch="false"/>
            <line number="24" hits="0" branch="false"/>
            <line number="28" hits="0" branch="false"/>
            <line number="29" hits="0" branch="false"/>
            <line number="30" hits="0" branch="false"/>
            <line number="31" hits="0" branch="false"/>
            <line number="32" hits="0" branch="false"/>
            <line number="33" hits="0" branch="false"/>
            <line number="34" hits="0" branch="false"/>
            <line number="35" hits="0" branch="false"/>
            <line number="36" hits="0" branch="false"/>
          </lines>
        </class>
        <class name="zzz.R" filename="R/zzz.R" line-rate="0" branch-rate="0" complexity="0">
          <methods>
            <method name=".onLoad" signature="" line-rate="0" branch-rate="0" complexity="0">
              <lines>
                <line number="6" hits="0" branch="false"/>
                <line number="8" hits="0" branch="false"/>
                <line number="9" hits="0" branch="false"/>
                <line number="10" hits="0" branch="false"/>
                <line number="11" hits="0" branch="false"/>
                <line number="12" hits="0" branch="false"/>
                <line number="13" hits="0" branch="false"/>
                <line number="14" hits="0" branch="false"/>
              </lines>
            </method>
          </methods>
          <lines>
            <line number="6" hits="0" branch="false"/>
            <line number="8" hits="0" branch="false"/>
            <line number="9" hits="0" branch="false"/>
            <line number="10" hits="0" branch="false"/>
            <line number="11" hits="0" branch="false"/>
            <line number="12" hits="0" branch="false"/>
            <line number="13" hits="0" branch="false"/>
            <line number="14" hits="0" branch="false"/>
          </lines>
        </class>
      </classes>
    </package>
  </packages>
</coverage>
