<?xml version="1.0" encoding="UTF-8"?>
<testsuites>
  <testsuite name="api_gluestick" timestamp="2026-06-12T10:26:09Z" hostname="afb40f6ae987" tests="1" skipped="0" failures="0" errors="0" time="0.065">
    <testcase time="0.065" classname="api_gluestick" name="gluestick_works"/>
  </testsuite>
  <testsuite name="functions" timestamp="2026-06-12T10:26:10Z" hostname="afb40f6ae987" tests="3" skipped="0" failures="0" errors="0" time="0.09">
    <testcase time="0.0599999999999999" classname="functions" name="extract_id_works_with_url"/>
    <testcase time="0.023" classname="functions" name="extract_id_works_with_empty_string"/>
    <testcase time="0.00700000000000001" classname="functions" name="extract_id_works_with_non_matching_string"/>
  </testsuite>
</testsuites>
